<?xml version="1.0" encoding="UTF-8"?>
<testng-results skipped="0" failed="0" ignored="0" total="0" passed="0">
  <reporter-output>
  </reporter-output>
  <suite name="Surefire suite" duration-ms="17" started-at="2021-06-19T10:30:09 CLT" finished-at="2021-06-19T10:30:09 CLT">
    <groups>
    </groups>
    <test name="Surefire test" duration-ms="17" started-at="2021-06-19T10:30:09 CLT" finished-at="2021-06-19T10:30:09 CLT">
    </test> <!-- Surefire test -->
  </suite> <!-- Surefire suite -->
</testng-results>
